<?xml version="1.0" encoding="UTF-8"?>
<testng-results ignored="0" total="1" passed="1" failed="0" skipped="0">
  <reporter-output>
  </reporter-output>
  <suite started-at="2024-09-27T19:19:33 IST" name="Default suite" finished-at="2024-09-27T19:19:40 IST" duration-ms="7598">
    <groups>
    </groups>
    <test started-at="2024-09-27T19:19:33 IST" name="Default test" finished-at="2024-09-27T19:19:40 IST" duration-ms="7598">
      <class name="seleniumwebdriver.Demo">
        <test-method signature="methods()[pri:0, instance:seleniumwebdriver.Demo@54422e18]" started-at="2024-09-27T19:19:33 IST" name="methods" finished-at="2024-09-27T19:19:40 IST" duration-ms="7500" status="PASS">
          <reporter-output>
          </reporter-output>
        </test-method> <!-- methods -->
      </class> <!-- seleniumwebdriver.Demo -->
    </test> <!-- Default test -->
  </suite> <!-- Default suite -->
</testng-results>
